<?xml version="1.0" encoding="UTF-8"?>
<!-- Generated by org.testng.reporters.JUnitReportReporter -->
<testsuite hostname="INENTAHP1L2C" name="com.selenium.WebDriverTest" tests="1" failures="1" timestamp="6 Oct 2016 17:10:59 GMT" time="0.003" errors="0">
  <testcase name="testWikipedia" time="0.003" classname="com.selenium.WebDriverTest">
    <failure type="org.openqa.selenium.WebDriverException" message="Failed to connect to binary FirefoxBinary(C:\Program Files (x86)\Mozilla Firefox\firefox.exe) on port 7055; process output follows: 
cal\\Temp\\anonymous4059062368777980829webdriver-profile\\extensions\\fxdriver@googlecode.com&quot;,&quot;e&quot;:false,&quot;v&quot;:&quot;2.32.0&quot;,&quot;st&quot;:1475773813216,&quot;mt&quot;:1475773813029}},&quot;app-global&quot;:{&quot;{972ce4c6-7e08-4474-a285-3208198ce6fd}&quot;:{&quot;d&quot;:&quot;C:\\Program Files (x86)\\Mozilla Firefox\\browser\\extensions\\{972ce4c6-7e08-4474-a285-3208198ce6fd}&quot;,&quot;e&quot;:true,&quot;v&quot;:&quot;39.0.3&quot;,&quot;st&quot;:1450790459581,&quot;mt&quot;:1438853261000}},&quot;winreg-app-global&quot;:{&quot;{D19CA586-DD6C-4a0a-96F8-14644F340D60}&quot;:{&quot;d&quot;:&quot;C:\\Program Files (x86)\\Common Files\\McAfee\\SystemCore&quot;,&quot;e&quot;:false,&quot;v&quot;:&quot;15.1.0&quot;,&quot;st&quot;:1475758635761,&quot;mt&quot;:1475758035382}}}
1475773814330	addons.xpi	DEBUG	getModTime: Recursive scan of {972ce4c6-7e08-4474-a285-3208198ce6fd}
1475773814331	addons.xpi	DEBUG	getInstallState changed: false, state: {&quot;app-profile&quot;:{&quot;fxdriver@googlecode.com&quot;:{&quot;d&quot;:&quot;C:\\Users\\tahp1\\AppData\\Local\\Temp\\anonymous4059062368777980829webdriver-profile\\extensions\\fxdriver@googlecode.com&quot;,&quot;e&quot;:false,&quot;v&quot;:&quot;2.32.0&quot;,&quot;st&quot;:1475773813216,&quot;mt&quot;:1475773813029}},&quot;app-global&quot;:{&quot;{972ce4c6-7e08-4474-a285-3208198ce6fd}&quot;:{&quot;d&quot;:&quot;C:\\Program Files (x86)\\Mozilla Firefox\\browser\\extensions\\{972ce4c6-7e08-4474-a285-3208198ce6fd}&quot;,&quot;e&quot;:true,&quot;v&quot;:&quot;39.0.3&quot;,&quot;st&quot;:1450790459581,&quot;mt&quot;:1438853261000}},&quot;winreg-app-global&quot;:{&quot;{D19CA586-DD6C-4a0a-96F8-14644F340D60}&quot;:{&quot;d&quot;:&quot;C:\\Program Files (x86)\\Common Files\\McAfee\\SystemCore&quot;,&quot;e&quot;:false,&quot;v&quot;:&quot;15.1.0&quot;,&quot;st&quot;:1475758635761,&quot;mt&quot;:1475758035382}}}
1475773814333	addons.xpi	DEBUG	No changes found
1475773814339	addons.manager	DEBUG	Registering shutdown blocker for XPIProvider
1475773814339	addons.manager	DEBUG	Provider finished startup: XPIProvider
1475773814339	addons.manager	DEBUG	Starting provider: LightweightThemeManager
1475773814340	addons.manager	DEBUG	Registering shutdown blocker for LightweightThemeManager
1475773814340	addons.manager	DEBUG	Provider finished startup: LightweightThemeManager
1475773814340	addons.manager	DEBUG	Starting provider: GMPProvider
1475773814344	addons.manager	DEBUG	Registering shutdown blocker for GMPProvider
1475773814344	addons.manager	DEBUG	Provider finished startup: GMPProvider
1475773814344	addons.manager	DEBUG	Starting provider: PluginProvider
1475773814345	addons.manager	DEBUG	Registering shutdown blocker for PluginProvider
1475773814345	addons.manager	DEBUG	Provider finished startup: PluginProvider
1475773814345	addons.manager	DEBUG	Completed startup sequence
JavaScript error: jar:file:///C:/Program%20Files%20(x86)/Mozilla%20Firefox/browser/omni.ja!/components/nsBrowserGlue.js, line 1782: NS_ERROR_ABORT: Component returned failure code: 0x80004004 (NS_ERROR_ABORT) [nsIPrefBranch.getComplexValue]
1475773814777	addons.xpi-utils	DEBUG	Starting async load of XPI database C:\Users\tahp1\AppData\Local\Temp\anonymous4059062368777980829webdriver-profile\extensions.json
1475773814778	addons.manager	DEBUG	Starting provider: &lt;unnamed-provider&gt;
1475773814778	addons.manager	DEBUG	Registering shutdown blocker for &lt;unnamed-provider&gt;
1475773814779	addons.manager	DEBUG	Provider finished startup: &lt;unnamed-provider&gt;
1475773814823	addons.xpi-utils	DEBUG	Async JSON file read took 0 MS
1475773814823	addons.xpi-utils	DEBUG	Finished async read of XPI database, parsing...
1475773814824	addons.xpi-utils	DEBUG	Successfully read XPI database
*** Blocklist::_loadBlocklistFromFile: blocklist is disabled
JavaScript error: resource:///modules/SelfSupportBackend.jsm, line 108: TypeError: this._log is null
1475773849844	addons.manager	DEBUG	shutdown
1475773849845	addons.manager	DEBUG	Calling shutdown blocker for XPIProvider
1475773849845	addons.xpi	DEBUG	shutdown
1475773849845	addons.xpi-utils	DEBUG	shutdown
1475773849846	addons.manager	DEBUG	Calling shutdown blocker for LightweightThemeManager
1475773849847	addons.manager	DEBUG	Calling shutdown blocker for GMPProvider
1475773849848	addons.manager	DEBUG	Calling shutdown blocker for PluginProvider
1475773849848	addons.manager	DEBUG	Calling shutdown blocker for &lt;unnamed-provider&gt;
1475773849849	addons.xpi	DEBUG	Notifying XPI shutdown observers
1475773849853	addons.manager	DEBUG	Async provider shutdown done

Build info: version: &#039;2.32.0&#039;, revision: &#039;6c40c18&#039;, time: &#039;2013-04-09 17:22:56&#039;
System info: os.name: &#039;Windows 7&#039;, os.arch: &#039;amd64&#039;, os.version: &#039;6.1&#039;, java.version: &#039;1.8.0_101&#039;
Driver info: driver.version: FirefoxDriver">
      <![CDATA[org.openqa.selenium.WebDriverException: Failed to connect to binary FirefoxBinary(C:\Program Files (x86)\Mozilla Firefox\firefox.exe) on port 7055; process output follows: 
cal\\Temp\\anonymous4059062368777980829webdriver-profile\\extensions\\fxdriver@googlecode.com","e":false,"v":"2.32.0","st":1475773813216,"mt":1475773813029}},"app-global":{"{972ce4c6-7e08-4474-a285-3208198ce6fd}":{"d":"C:\\Program Files (x86)\\Mozilla Firefox\\browser\\extensions\\{972ce4c6-7e08-4474-a285-3208198ce6fd}","e":true,"v":"39.0.3","st":1450790459581,"mt":1438853261000}},"winreg-app-global":{"{D19CA586-DD6C-4a0a-96F8-14644F340D60}":{"d":"C:\\Program Files (x86)\\Common Files\\McAfee\\SystemCore","e":false,"v":"15.1.0","st":1475758635761,"mt":1475758035382}}}
1475773814330	addons.xpi	DEBUG	getModTime: Recursive scan of {972ce4c6-7e08-4474-a285-3208198ce6fd}
1475773814331	addons.xpi	DEBUG	getInstallState changed: false, state: {"app-profile":{"fxdriver@googlecode.com":{"d":"C:\\Users\\tahp1\\AppData\\Local\\Temp\\anonymous4059062368777980829webdriver-profile\\extensions\\fxdriver@googlecode.com","e":false,"v":"2.32.0","st":1475773813216,"mt":1475773813029}},"app-global":{"{972ce4c6-7e08-4474-a285-3208198ce6fd}":{"d":"C:\\Program Files (x86)\\Mozilla Firefox\\browser\\extensions\\{972ce4c6-7e08-4474-a285-3208198ce6fd}","e":true,"v":"39.0.3","st":1450790459581,"mt":1438853261000}},"winreg-app-global":{"{D19CA586-DD6C-4a0a-96F8-14644F340D60}":{"d":"C:\\Program Files (x86)\\Common Files\\McAfee\\SystemCore","e":false,"v":"15.1.0","st":1475758635761,"mt":1475758035382}}}
1475773814333	addons.xpi	DEBUG	No changes found
1475773814339	addons.manager	DEBUG	Registering shutdown blocker for XPIProvider
1475773814339	addons.manager	DEBUG	Provider finished startup: XPIProvider
1475773814339	addons.manager	DEBUG	Starting provider: LightweightThemeManager
1475773814340	addons.manager	DEBUG	Registering shutdown blocker for LightweightThemeManager
1475773814340	addons.manager	DEBUG	Provider finished startup: LightweightThemeManager
1475773814340	addons.manager	DEBUG	Starting provider: GMPProvider
1475773814344	addons.manager	DEBUG	Registering shutdown blocker for GMPProvider
1475773814344	addons.manager	DEBUG	Provider finished startup: GMPProvider
1475773814344	addons.manager	DEBUG	Starting provider: PluginProvider
1475773814345	addons.manager	DEBUG	Registering shutdown blocker for PluginProvider
1475773814345	addons.manager	DEBUG	Provider finished startup: PluginProvider
1475773814345	addons.manager	DEBUG	Completed startup sequence
JavaScript error: jar:file:///C:/Program%20Files%20(x86)/Mozilla%20Firefox/browser/omni.ja!/components/nsBrowserGlue.js, line 1782: NS_ERROR_ABORT: Component returned failure code: 0x80004004 (NS_ERROR_ABORT) [nsIPrefBranch.getComplexValue]
1475773814777	addons.xpi-utils	DEBUG	Starting async load of XPI database C:\Users\tahp1\AppData\Local\Temp\anonymous4059062368777980829webdriver-profile\extensions.json
1475773814778	addons.manager	DEBUG	Starting provider: <unnamed-provider>
1475773814778	addons.manager	DEBUG	Registering shutdown blocker for <unnamed-provider>
1475773814779	addons.manager	DEBUG	Provider finished startup: <unnamed-provider>
1475773814823	addons.xpi-utils	DEBUG	Async JSON file read took 0 MS
1475773814823	addons.xpi-utils	DEBUG	Finished async read of XPI database, parsing...
1475773814824	addons.xpi-utils	DEBUG	Successfully read XPI database
*** Blocklist::_loadBlocklistFromFile: blocklist is disabled
JavaScript error: resource:///modules/SelfSupportBackend.jsm, line 108: TypeError: this._log is null
1475773849844	addons.manager	DEBUG	shutdown
1475773849845	addons.manager	DEBUG	Calling shutdown blocker for XPIProvider
1475773849845	addons.xpi	DEBUG	shutdown
1475773849845	addons.xpi-utils	DEBUG	shutdown
1475773849846	addons.manager	DEBUG	Calling shutdown blocker for LightweightThemeManager
1475773849847	addons.manager	DEBUG	Calling shutdown blocker for GMPProvider
1475773849848	addons.manager	DEBUG	Calling shutdown blocker for PluginProvider
1475773849848	addons.manager	DEBUG	Calling shutdown blocker for <unnamed-provider>
1475773849849	addons.xpi	DEBUG	Notifying XPI shutdown observers
1475773849853	addons.manager	DEBUG	Async provider shutdown done

Build info: version: '2.32.0', revision: '6c40c18', time: '2013-04-09 17:22:56'
System info: os.name: 'Windows 7', os.arch: 'amd64', os.version: '6.1', java.version: '1.8.0_101'
Driver info: driver.version: FirefoxDriver
	at org.openqa.selenium.firefox.internal.NewProfileExtensionConnection.start(NewProfileExtensionConnection.java:118)
	at org.openqa.selenium.firefox.FirefoxDriver.startClient(FirefoxDriver.java:244)
	at org.openqa.selenium.remote.RemoteWebDriver.<init>(RemoteWebDriver.java:110)
	at org.openqa.selenium.firefox.FirefoxDriver.<init>(FirefoxDriver.java:190)
	at org.openqa.selenium.firefox.FirefoxDriver.<init>(FirefoxDriver.java:183)
	at org.openqa.selenium.firefox.FirefoxDriver.<init>(FirefoxDriver.java:179)
	at org.openqa.selenium.firefox.FirefoxDriver.<init>(FirefoxDriver.java:92)
	at com.selenium.SelTestCase.launchBrowser(SelTestCase.java:12)
	at sun.reflect.NativeMethodAccessorImpl.invoke0(Native Method)
	at sun.reflect.NativeMethodAccessorImpl.invoke(Unknown Source)
	at sun.reflect.DelegatingMethodAccessorImpl.invoke(Unknown Source)
	at java.lang.reflect.Method.invoke(Unknown Source)
	at org.testng.internal.MethodInvocationHelper.invokeMethod(MethodInvocationHelper.java:80)
	at org.testng.internal.Invoker.invokeConfigurationMethod(Invoker.java:564)
	at org.testng.internal.Invoker.invokeConfigurations(Invoker.java:213)
	at org.testng.internal.Invoker.invokeMethod(Invoker.java:653)
	at org.testng.internal.Invoker.invokeTestMethod(Invoker.java:901)
	at org.testng.internal.Invoker.invokeTestMethods(Invoker.java:1231)
	at org.testng.internal.TestMethodWorker.invokeTestMethods(TestMethodWorker.java:127)
	at org.testng.internal.TestMethodWorker.run(TestMethodWorker.java:111)
	at org.testng.TestRunner.privateRun(TestRunner.java:767)
	at org.testng.TestRunner.run(TestRunner.java:617)
	at org.testng.SuiteRunner.runTest(SuiteRunner.java:334)
	at org.testng.SuiteRunner.runSequentially(SuiteRunner.java:329)
	at org.testng.SuiteRunner.privateRun(SuiteRunner.java:291)
	at org.testng.SuiteRunner.run(SuiteRunner.java:240)
	at org.testng.SuiteRunnerWorker.runSuite(SuiteRunnerWorker.java:52)
	at org.testng.SuiteRunnerWorker.run(SuiteRunnerWorker.java:86)
	at org.testng.TestNG.runSuitesSequentially(TestNG.java:1198)
	at org.testng.TestNG.runSuitesLocally(TestNG.java:1123)
	at org.testng.TestNG.run(TestNG.java:1031)
	at org.testng.remote.AbstractRemoteTestNG.run(AbstractRemoteTestNG.java:132)
	at org.testng.remote.RemoteTestNG.initAndRun(RemoteTestNG.java:236)
	at org.testng.remote.RemoteTestNG.main(RemoteTestNG.java:81)
Caused by: org.openqa.selenium.firefox.NotConnectedException: Unable to connect to host 127.0.0.1 on port 7055 after 45000 ms. Firefox console output:
cal\\Temp\\anonymous4059062368777980829webdriver-profile\\extensions\\fxdriver@googlecode.com","e":false,"v":"2.32.0","st":1475773813216,"mt":1475773813029}},"app-global":{"{972ce4c6-7e08-4474-a285-3208198ce6fd}":{"d":"C:\\Program Files (x86)\\Mozilla Firefox\\browser\\extensions\\{972ce4c6-7e08-4474-a285-3208198ce6fd}","e":true,"v":"39.0.3","st":1450790459581,"mt":1438853261000}},"winreg-app-global":{"{D19CA586-DD6C-4a0a-96F8-14644F340D60}":{"d":"C:\\Program Files (x86)\\Common Files\\McAfee\\SystemCore","e":false,"v":"15.1.0","st":1475758635761,"mt":1475758035382}}}
1475773814330	addons.xpi	DEBUG	getModTime: Recursive scan of {972ce4c6-7e08-4474-a285-3208198ce6fd}
1475773814331	addons.xpi	DEBUG	getInstallState changed: false, state: {"app-profile":{"fxdriver@googlecode.com":{"d":"C:\\Users\\tahp1\\AppData\\Local\\Temp\\anonymous4059062368777980829webdriver-profile\\extensions\\fxdriver@googlecode.com","e":false,"v":"2.32.0","st":1475773813216,"mt":1475773813029}},"app-global":{"{972ce4c6-7e08-4474-a285-3208198ce6fd}":{"d":"C:\\Program Files (x86)\\Mozilla Firefox\\browser\\extensions\\{972ce4c6-7e08-4474-a285-3208198ce6fd}","e":true,"v":"39.0.3","st":1450790459581,"mt":1438853261000}},"winreg-app-global":{"{D19CA586-DD6C-4a0a-96F8-14644F340D60}":{"d":"C:\\Program Files (x86)\\Common Files\\McAfee\\SystemCore","e":false,"v":"15.1.0","st":1475758635761,"mt":1475758035382}}}
1475773814333	addons.xpi	DEBUG	No changes found
1475773814339	addons.manager	DEBUG	Registering shutdown blocker for XPIProvider
1475773814339	addons.manager	DEBUG	Provider finished startup: XPIProvider
1475773814339	addons.manager	DEBUG	Starting provider: LightweightThemeManager
1475773814340	addons.manager	DEBUG	Registering shutdown blocker for LightweightThemeManager
1475773814340	addons.manager	DEBUG	Provider finished startup: LightweightThemeManager
1475773814340	addons.manager	DEBUG	Starting provider: GMPProvider
1475773814344	addons.manager	DEBUG	Registering shutdown blocker for GMPProvider
1475773814344	addons.manager	DEBUG	Provider finished startup: GMPProvider
1475773814344	addons.manager	DEBUG	Starting provider: PluginProvider
1475773814345	addons.manager	DEBUG	Registering shutdown blocker for PluginProvider
1475773814345	addons.manager	DEBUG	Provider finished startup: PluginProvider
1475773814345	addons.manager	DEBUG	Completed startup sequence
JavaScript error: jar:file:///C:/Program%20Files%20(x86)/Mozilla%20Firefox/browser/omni.ja!/components/nsBrowserGlue.js, line 1782: NS_ERROR_ABORT: Component returned failure code: 0x80004004 (NS_ERROR_ABORT) [nsIPrefBranch.getComplexValue]
1475773814777	addons.xpi-utils	DEBUG	Starting async load of XPI database C:\Users\tahp1\AppData\Local\Temp\anonymous4059062368777980829webdriver-profile\extensions.json
1475773814778	addons.manager	DEBUG	Starting provider: <unnamed-provider>
1475773814778	addons.manager	DEBUG	Registering shutdown blocker for <unnamed-provider>
1475773814779	addons.manager	DEBUG	Provider finished startup: <unnamed-provider>
1475773814823	addons.xpi-utils	DEBUG	Async JSON file read took 0 MS
1475773814823	addons.xpi-utils	DEBUG	Finished async read of XPI database, parsing...
1475773814824	addons.xpi-utils	DEBUG	Successfully read XPI database
*** Blocklist::_loadBlocklistFromFile: blocklist is disabled
JavaScript error: resource:///modules/SelfSupportBackend.jsm, line 108: TypeError: this._log is null
1475773849844	addons.manager	DEBUG	shutdown
1475773849845	addons.manager	DEBUG	Calling shutdown blocker for XPIProvider
1475773849845	addons.xpi	DEBUG	shutdown
1475773849845	addons.xpi-utils	DEBUG	shutdown
1475773849846	addons.manager	DEBUG	Calling shutdown blocker for LightweightThemeManager
1475773849847	addons.manager	DEBUG	Calling shutdown blocker for GMPProvider
1475773849848	addons.manager	DEBUG	Calling shutdown blocker for PluginProvider
1475773849848	addons.manager	DEBUG	Calling shutdown blocker for <unnamed-provider>
1475773849849	addons.xpi	DEBUG	Notifying XPI shutdown observers
1475773849853	addons.manager	DEBUG	Async provider shutdown done

	at org.openqa.selenium.firefox.internal.NewProfileExtensionConnection.start(NewProfileExtensionConnection.java:106)
	... 33 more
]]>
    </failure>
  </testcase> <!-- testWikipedia -->
</testsuite> <!-- com.selenium.WebDriverTest -->
