<?xml version="1.0" encoding="UTF-8"?>
<!-- Generated by org.testng.reporters.JUnitReportReporter -->
<testsuite hostname="INENTAHP1L2C" name="com.selenium.TestNGTest" tests="2" failures="0" timestamp="13 Oct 2016 09:15:28 GMT" time="0.013" errors="0">
  <testcase name="print1" time="0.005" classname="com.selenium.TestNGTest"/>
  <testcase name="print2" time="0.008" classname="com.selenium.TestNGTest"/>
</testsuite> <!-- com.selenium.TestNGTest -->
